0 info it worked if it ends with ok
1 verbose cli [ 'C:\\Program Files\\nodejs\\node.exe',
1 verbose cli   'C:\\Program Files\\nodejs\\node_modules\\npm\\bin\\npm-cli.js',
1 verbose cli   'install',
1 verbose cli   '--build-from-source' ]
2 info using npm@2.15.9
3 info using node@v4.5.0
4 verbose readDependencies loading dependencies from C:\Users\RDubz\Documents\Coding_Projects\DaycareScheduler\package.json
5 warn package.json testapp.js@1.0.0 No description
6 warn package.json testapp.js@1.0.0 No repository field.
7 warn package.json testapp.js@1.0.0 No README data
8 verbose install where, deps [ 'C:\\Users\\RDubz\\Documents\\Coding_Projects\\DaycareScheduler',
8 verbose install   [ 'express' ] ]
9 verbose install where, peers [ 'C:\\Users\\RDubz\\Documents\\Coding_Projects\\DaycareScheduler',
9 verbose install   [] ]
10 verbose installManyTop reading for lifecycle C:\Users\RDubz\Documents\Coding_Projects\DaycareScheduler\package.json
11 info preinstall testapp.js@1.0.0
12 verbose installManyTop reading scoped package data from C:\Users\RDubz\Documents\Coding_Projects\DaycareScheduler\node_modules\express\package.json
13 verbose installManyTop reading scoped package data from C:\Users\RDubz\Documents\Coding_Projects\DaycareScheduler\node_modules\nosql\package.json
14 verbose installManyTop reading scoped package data from C:\Users\RDubz\Documents\Coding_Projects\DaycareScheduler\node_modules\sqlite3\package.json
15 info package.json nosql@3.2.0 No license field.
16 verbose readDependencies loading dependencies from C:\Users\RDubz\Documents\Coding_Projects\DaycareScheduler\package.json
17 verbose targetResolver reading package data from C:\Users\RDubz\Documents\Coding_Projects\DaycareScheduler\node_modules\express\package.json
18 verbose targetResolver reading package data from C:\Users\RDubz\Documents\Coding_Projects\DaycareScheduler\node_modules\nosql\package.json
19 verbose targetResolver reading package data from C:\Users\RDubz\Documents\Coding_Projects\DaycareScheduler\node_modules\sqlite3\package.json
20 verbose already installed skipping express@^4.14.0 C:\Users\RDubz\Documents\Coding_Projects\DaycareScheduler
21 silly install resolved []
22 info build C:\Users\RDubz\Documents\Coding_Projects\DaycareScheduler
23 info linkStuff testapp.js@1.0.0
24 silly linkStuff testapp.js@1.0.0 has C:\Users\RDubz\Documents\Coding_Projects as its parent node_modules
25 verbose linkBins testapp.js@1.0.0
26 verbose linkMans testapp.js@1.0.0
27 verbose rebuildBundles testapp.js@1.0.0
28 verbose rebuildBundles [ 'express', 'nosql', 'sqlite3' ]
29 verbose rebuild bundle C:\Users\RDubz\Documents\Coding_Projects\DaycareScheduler\node_modules\nosql
30 info build C:\Users\RDubz\Documents\Coding_Projects\DaycareScheduler\node_modules\nosql
31 info preinstall nosql@3.2.0
32 info linkStuff nosql@3.2.0
33 silly linkStuff nosql@3.2.0 has C:\Users\RDubz\Documents\Coding_Projects\DaycareScheduler\node_modules as its parent node_modules
34 verbose linkBins nosql@3.2.0
35 verbose linkMans nosql@3.2.0
36 verbose rebuildBundles nosql@3.2.0
37 info install nosql@3.2.0
38 info postinstall nosql@3.2.0
39 verbose rebuild bundle C:\Users\RDubz\Documents\Coding_Projects\DaycareScheduler\node_modules\sqlite3
40 info build C:\Users\RDubz\Documents\Coding_Projects\DaycareScheduler\node_modules\sqlite3
41 info preinstall sqlite3@3.1.8
42 info linkStuff sqlite3@3.1.8
43 silly linkStuff sqlite3@3.1.8 has C:\Users\RDubz\Documents\Coding_Projects\DaycareScheduler\node_modules as its parent node_modules
44 verbose linkBins sqlite3@3.1.8
45 verbose linkMans sqlite3@3.1.8
46 verbose rebuildBundles sqlite3@3.1.8
47 verbose rebuildBundles [ '.bin', 'nan', 'node-pre-gyp' ]
48 verbose rebuild bundle C:\Users\RDubz\Documents\Coding_Projects\DaycareScheduler\node_modules\sqlite3\node_modules\node-pre-gyp
49 info build C:\Users\RDubz\Documents\Coding_Projects\DaycareScheduler\node_modules\sqlite3\node_modules\node-pre-gyp
50 info preinstall node-pre-gyp@0.6.31
51 info linkStuff node-pre-gyp@0.6.31
52 silly linkStuff node-pre-gyp@0.6.31 has C:\Users\RDubz\Documents\Coding_Projects\DaycareScheduler\node_modules\sqlite3\node_modules as its parent node_modules
53 verbose linkBins node-pre-gyp@0.6.31
54 verbose link bins [ { 'node-pre-gyp': './bin/node-pre-gyp' },
54 verbose link bins   'C:\\Users\\RDubz\\Documents\\Coding_Projects\\DaycareScheduler\\node_modules\\sqlite3\\node_modules\\.bin',
54 verbose link bins   false ]
55 verbose linkMans node-pre-gyp@0.6.31
56 verbose rebuildBundles node-pre-gyp@0.6.31
57 verbose rebuildBundles [ '.bin',
57 verbose rebuildBundles   'mkdirp',
57 verbose rebuildBundles   'nopt',
57 verbose rebuildBundles   'npmlog',
57 verbose rebuildBundles   'rc',
57 verbose rebuildBundles   'request',
57 verbose rebuildBundles   'rimraf',
57 verbose rebuildBundles   'semver',
57 verbose rebuildBundles   'tar',
57 verbose rebuildBundles   'tar-pack' ]
58 info install node-pre-gyp@0.6.31
59 info postinstall node-pre-gyp@0.6.31
60 info install sqlite3@3.1.8
61 verbose unsafe-perm in lifecycle true
62 info sqlite3@3.1.8 Failed to exec install script
63 verbose stack Error: sqlite3@3.1.8 install: `node-pre-gyp install --fallback-to-build`
63 verbose stack Exit status 1
63 verbose stack     at EventEmitter.<anonymous> (C:\Program Files\nodejs\node_modules\npm\lib\utils\lifecycle.js:217:16)
63 verbose stack     at emitTwo (events.js:87:13)
63 verbose stack     at EventEmitter.emit (events.js:172:7)
63 verbose stack     at ChildProcess.<anonymous> (C:\Program Files\nodejs\node_modules\npm\lib\utils\spawn.js:24:14)
63 verbose stack     at emitTwo (events.js:87:13)
63 verbose stack     at ChildProcess.emit (events.js:172:7)
63 verbose stack     at maybeClose (internal/child_process.js:829:16)
63 verbose stack     at Process.ChildProcess._handle.onexit (internal/child_process.js:211:5)
64 verbose pkgid sqlite3@3.1.8
65 verbose cwd C:\Users\RDubz\Documents\Coding_Projects\DaycareScheduler\Sheets API Quickstart
66 error Windows_NT 10.0.14393
67 error argv "C:\\Program Files\\nodejs\\node.exe" "C:\\Program Files\\nodejs\\node_modules\\npm\\bin\\npm-cli.js" "install" "--build-from-source"
68 error node v4.5.0
69 error npm  v2.15.9
70 error code ELIFECYCLE
71 error sqlite3@3.1.8 install: `node-pre-gyp install --fallback-to-build`
71 error Exit status 1
72 error Failed at the sqlite3@3.1.8 install script 'node-pre-gyp install --fallback-to-build'.
72 error This is most likely a problem with the sqlite3 package,
72 error not with npm itself.
72 error Tell the author that this fails on your system:
72 error     node-pre-gyp install --fallback-to-build
72 error You can get information on how to open an issue for this project with:
72 error     npm bugs sqlite3
72 error Or if that isn't available, you can get their info via:
72 error
72 error     npm owner ls sqlite3
72 error There is likely additional logging output above.
73 verbose exit [ 1, true ]
